{
  "RSpec": {
    "coverage": {
      "/home/persistent-loop-6281/tic-tac-toe-rb-ruby-apply-000/lib/tic_tac_toe.rb": [
        null,
        1,
        null,
        null,
        null,
        null,
        null,
        null,
        null,
        null,
        null,
        1,
        14,
        14,
        14,
        14,
        14,
        null,
        null,
        1,
        16,
        null,
        null,
        1,
        15,
        null,
        null,
        1,
        20,
        null,
        null,
        1,
        16,
        null,
        null,
        1,
        140,
        null,
        null,
        1,
        13,
        10,
        null,
        3,
        null,
        null,
        null,
        1,
        13,
        13,
        13,
        12,
        12,
        null,
        1,
        null,
        null,
        null,
        1,
        19,
        152,
        19,
        null,
        null,
        1,
        11,
        null,
        null,
        1,
        8,
        null,
        null,
        1,
        10,
        null,
        null,
        1,
        3,
        3,
        null,
        null,
        2,
        null,
        null,
        null,
        1,
        8,
        10,
        null,
        null
      ]
    },
    "timestamp": 1597973206
  }
}
